0:100  0:100  MemLog inited, TSC freq: 2593990896
0:100  0:000  CPU was calibrated with ACPI PM Timer
0:100  0:000  
0:100  0:000  Now is 15.03.2020,  09:09:16 (GMT)
0:100  0:000  Starting Clover revision: 5105 (master, commit 0d4c4eb5e) on American Megatrends EFI
0:100  0:000  Build with: [Args: -D NO_GRUB_DRIVERS_EMBEDDED -t GCC53 | -D NO_GRUB_DRIVERS_EMBEDDED --conf=/Users/sergey/src/CloverHackyColor/Conf -D USE_LOW_EBDA -a X64 -b RELEASE -t GCC53 -n 5 | OS: 10.14.6]
0:100  0:000  SelfDevicePath=PciRoot(0x0)\Pci(0x1F,0x2)\Sata(0x4,0xFFFF,0x0)\HD(1,GPT,C4F6D548-71AD-4E5A-8512-6594CE8BB3FB,0x28,0x64000) @C7D4FE18
0:100  0:000  SelfDirPath = \EFI\BOOT
0:100  0:000  Clover : Image base = 0xB9D1F000
0:100  0:000  SimpleTextEx Status=Success
0:100  0:000  === [ Get Smbios ] ========================================
0:100  0:000  Type 16 Index = 0
0:100  0:000  Total Memory Slots Count = 4
0:100  0:000  Type 17 Index = 0
0:100  0:000  SmbiosTable.Type17->Speed = 1600MHz
0:100  0:000  SmbiosTable.Type17->Size = 4096MB
0:100  0:000  SmbiosTable.Type17->Bank/Device = BANK 0 ChannelA-DIMM0
0:100  0:000  SmbiosTable.Type17->Vendor = Samsung
0:100  0:000  SmbiosTable.Type17->SerialNumber = 00000000
0:100  0:000  SmbiosTable.Type17->PartNumber = M471B5173EB0-YK0  
0:100  0:000  Type 17 Index = 1
0:100  0:000  Ignoring insane frequency value 0MHz
0:100  0:000  SmbiosTable.Type17->Speed = 0MHz
0:100  0:000  SmbiosTable.Type17->Size = 0MB
0:100  0:000  SmbiosTable.Type17->Bank/Device = BANK 1 ChannelA-DIMM1
0:100  0:000  SmbiosTable.Type17->Vendor = <null string>
0:100  0:000  SmbiosTable.Type17->SerialNumber = <null string>
0:100  0:000  SmbiosTable.Type17->PartNumber = <null string>
0:100  0:000  Type 17 Index = 2
0:100  0:000  SmbiosTable.Type17->Speed = 1600MHz
0:100  0:000  SmbiosTable.Type17->Size = 8192MB
0:100  0:000  SmbiosTable.Type17->Bank/Device = BANK 2 ChannelB-DIMM0
0:100  0:000  SmbiosTable.Type17->Vendor = Kingston
0:100  0:000  SmbiosTable.Type17->SerialNumber = 122453B8
0:100  0:000  SmbiosTable.Type17->PartNumber = 99U5428-018.A00LF 
0:100  0:000  Type 17 Index = 3
0:100  0:000  Ignoring insane frequency value 0MHz
0:100  0:000  SmbiosTable.Type17->Speed = 0MHz
0:100  0:000  SmbiosTable.Type17->Size = 0MB
0:100  0:000  SmbiosTable.Type17->Bank/Device = BANK 3 ChannelB-DIMM1
0:100  0:000  SmbiosTable.Type17->Vendor = <null string>
0:100  0:000  SmbiosTable.Type17->SerialNumber = <null string>
0:100  0:000  SmbiosTable.Type17->PartNumber = <null string>
0:100  0:000  Boot status=0
0:100  0:000  Running on: 'X550JX' with board 'X550JX'
0:100  0:000  === [ GetCPUProperties ] ==================================
0:100  0:000  CPU Vendor = 756E6547 Model=306C3
0:100  0:000   The CPU supported SSE4.1
0:100  0:000  BrandString = Intel(R) Core(TM) i7-4720HQ CPU @ 2.60GHz
0:100  0:000   The CPU supported turbo
0:100  0:000  MSR 0x35               40008
0:100  0:000  MSR 0xE2 before patch 1E008405
0:100  0:000  MSR 0xE2 is locked, PM patches will be turned on
0:100  0:000  MSR 0xCE              00080838_F3011A00
0:100  0:000  corrected FLEX_RATIO = 40000
0:100  0:000  MSR 0x1B0             00000000
0:100  0:000  FSBFrequency = 100 MHz, DMI FSBFrequency = 100 MHz, Corrected FSBFrequency = 100 MHz
0:100  0:000  MaxDiv/MinDiv: 26.0/8
0:100  0:000  Turbo: 34/34/35/36
0:100  0:000  Features: 0xBFEBFBFF
0:100  0:000  Threads: 8
0:100  0:000  Cores: 4
0:100  0:000  FSB: 100 MHz
0:100  0:000  CPU: 2600 MHz
0:100  0:000  TSC: 2600 MHz
0:100  0:000  PIS: 100 MHz
0:100  0:000  ExternalClock: 25 MHz
0:100  0:000  === [ GetDevices ] ========================================
0:100  0:000  GOP found at: PciRoot(0x0)/Pci(0x2,0x0)/AcpiAdr(0x80010100)
0:100  0:000  PCI (00|00:00.00) : 8086 0C04 class=060000
0:100  0:000  PCI (00|00:01.00) : 8086 0C01 class=060400
0:100  0:000  PCI (00|01:00.00) : 10DE 139A class=030200
0:100  0:000  PCI (00|00:02.00) : 8086 0416 class=030000
0:100  0:000   - GOP: Provided by device
0:100  0:000   - GFX: Model=Intel HD Graphics 4600 (Intel)
0:100  0:000  PCI (00|00:03.00) : 8086 0C0C class=040300
0:100  0:000  PCI (00|00:14.00) : 8086 8C31 class=0C0330
0:100  0:000  PCI (00|00:16.00) : 8086 8C3A class=078000
0:100  0:000  PCI (00|00:16.01) : FFFF FFFF class=FFFFFF
0:100  0:000  PCI (00|00:1B.00) : 8086 8C20 class=040300
0:100  0:000  PCI (00|00:1C.00) : 8086 8C10 class=060400
0:100  0:000  PCI (00|00:1C.02) : 8086 8C14 class=060400
0:100  0:000  PCI (00|03:00.00) : 8086 08B1 class=028000
0:100  0:000   - WIFI: Vendor=Intel
0:100  0:000  PCI (00|00:1C.03) : 8086 8C16 class=060400
0:100  0:000  PCI (00|04:00.00) : 10EC 5287 class=FF0000
0:100  0:000  PCI (00|04:00.01) : 10EC 8168 class=020000
0:100  0:000   - LAN: 0 Vendor=Realtek
0:100  0:000  PCI (00|00:1F.00) : 8086 8C49 class=060100
0:100  0:000  PCI (00|00:1F.02) : 8086 8C03 class=010601
0:100  0:000  PCI (00|00:1F.03) : 8086 8C22 class=0C0500
0:100  0:000  PCI (00|00:1F.06) : FFFF FFFF class=FFFFFF
0:100  0:000  === [ GetDefaultSettings ] ================================
0:100  0:000  Clover load options size = 0 bytes
0:105  0:005  CheckOEMPathExists tried EFI\CLOVER\OEM\X550JX--00-00-00-00-00-00. Dir not exists
0:105  0:000  CheckOEMPathExists tried EFI\CLOVER\OEM\X550JX\UEFI. Dir not exists
0:105  0:000  CheckOEMPathExists tried EFI\CLOVER\OEM\X550JX. Dir not exists
0:105  0:000  CheckOEMPathExists tried EFI\CLOVER\OEM\X550JX-2600. Dir not exists
0:105  0:000  CheckOEMPathExists tried EFI\CLOVER\OEM\X550JX. Dir not exists
0:105  0:000  CheckOEMPathExists tried EFI\CLOVER\OEM\X550JX-2600. Dir not exists
0:105  0:000  set OEMPath by default: EFI\CLOVER
0:111  0:005  EFI\CLOVER\config.plist loaded: Success
0:111  0:000  === [ GetListOfThemes ] ===================================
0:114  0:002  - [00]: RANDOM
0:115  0:001  - [00]: EMBEDDED
0:116  0:001  === [ Found config plists ] ===============================
0:116  0:000  - config.plist
0:116  0:000  === [ GetEarlyUserSettings ] ==============================
0:116  0:000  timeout set to 5
0:116  0:000  Custom boot CUSTOM_BOOT_DISABLED (0x0)
0:116  0:000  KextsToPatch: 3 requested
0:116  0:000   - [00]: AppleAHCIPort (External Drives as Internal to fix Orange Icons) :: BinPatch :: data len: 8
0:116  0:000   - [01]: com.apple.driver.AppleIntelFramebufferAzul (Enable 9MB cursor bytes, 0x0a260006) :: BinPatch :: data len: 20
0:116  0:000   - [02]: com.apple.iokit.IOAHCIBlockStorage (Enable TRIM for SSD) :: BinPatch :: data len: 11
0:116  0:000   - patch disabled at config
0:116  0:000  Default theme: embedded
0:116  0:000  Hiding entries with string preboot
0:116  0:000  Hiding entries with string recovery
0:116  0:000  === [ LoadDrivers ] =======================================
0:120  0:003  Loading OsxAptioFixDrv256m-64.efi  status=Success
0:121  0:000  Loading HFSPlus.efi  status=Success
0:121  0:000   - driver needs connecting
0:121  0:000  Loading DataHubDxe-64.efi  status=Success
0:129  0:008  Loading CsmVideoDxe-64.efi  status=Success
0:130  0:000   - driver needs connecting
0:130  0:000  Loading FSInject-64.efi  status=Success
0:130  0:000  Loading Fat-64.efi  status=Success
0:131  0:000   - driver needs connecting
0:131  0:000  Loading ApfsDriverLoader-64.efi  status=Success
0:132  0:000   - driver needs connecting
0:132  0:000  Loading SMCHelper-64.efi  status=Success
0:132  0:000  Loading NTFS-64.EFI  status=Success
0:134  0:001   - driver needs connecting
0:134  0:000  5 drivers needs connecting ...
0:134  0:000  PlatformDriverOverrideProtocol->GetDriver overriden
0:134  0:000  HFS+ driver loaded
0:134  0:000  APFS driver loaded
0:134  0:000  Video driver loaded: disconnect Success
0:248  0:114  Searching for invalid DiskIo BY_DRIVER connects: not found, all ok
0:257  0:009  CsmVideoDriverBindingStart
0:257  0:000  Enable the device status=Unsupported
0:257  0:000  attributes Restored
0:257  0:000  CsmVideoDriverBindingStart end Unsupported
0:258  0:000  CsmVideoDriverBindingStart
0:258  0:000  mixed support=40010
0:258  0:000  Controller is [030000]
0:258  0:000  Check for VBE
0:267  0:009   found Detail Timing 1920x1080
0:267  0:000  timing string after 0xFE:AUO
         
0:267  0:000  timing string after 0xFE:B156HAN01.2 

0:267  0:000    0 1280x1024 attr=9B - ok, edid-
0:267  0:000    1 1024x768 attr=9B - ok, edid-, 1024x768, working, highest, pref=1
0:267  0:000    2 640x480 attr=9B - ok, edid-, 640x480, working
0:267  0:000    3 800x600 attr=9B - ok, edid-, 800x600, working
0:267  0:000    4 1920x1080 attr=9B - ok, edid+, working, highest, pref=4
0:267  0:000  CsmVideo: New mode: 4 1920x1080 - set
0:451  0:183   - SetMode pref 4 (4) = Success
0:451  0:000  CsmVideoCheckForVbe - Success
0:451  0:000  CsmVideoDriverBindingStart end Success
0:451  0:000  CsmVideo: New mode: 0 1280x1024 - blocking that switch
0:698  0:246  === [ InitScreen ] ========================================
0:698  0:000  Console modes reported: 3, available modes:
0:698  0:000   - [01]: 80x25 (current mode)
0:698  0:000   - [03]: 100x31
0:698  0:000  SetScreenResolution: 1920x1080 - already set
0:698  0:000  SetScreenResolution: 1920x1080 - already set
0:698  0:000  reinit: self device path=PciRoot(0x0)\Pci(0x1F,0x2)\Sata(0x4,0xFFFF,0x0)\HD(1,GPT,C4F6D548-71AD-4E5A-8512-6594CE8BB3FB,0x28,0x64000)
0:698  0:000  new SelfHandle=C7D4FE18
0:699  0:001  Using embedded font: Success
0:700  0:001  === [ GetMacAddress ] =====================================
0:700  0:000   get legacy LAN MAC, 1 card found
0:700  0:000  Legacy MAC address of LAN #0= 1C:B7:2C:2F:9F:EF:
0:700  0:000  === [ ScanSPD ] ===========================================
0:700  0:000  Scanning SMBus [8086:8C22], mmio: 0xF7A19004, ioport: 0xF040, hostc: 0x11
0:719  0:018  Slot: 2 Type 24 8192MB 1600MHz Vendor=Kingston PartNo=99U5428-018.A00LF SerialNo=0102020405030B08
0:720  0:000  === [ GetAcpiTablesList ] =================================
0:720  0:000  Get Acpi Tables List from RSDT:
0:720  0:000   - [00]: FACP  Notebook len=268
0:720  0:000   - [01]: APIC  Notebook len=146
0:720  0:000   - [02]: FPDT  Notebook len=68
0:720  0:000   - [03]: ECDT  Notebook len=193
0:720  0:000   - [04]: SSDT  zpodd len=413
0:720  0:000   - [05]: SSDT  Cpu0Ist len=1337
0:720  0:000   - [06]: SSDT  CpuPm len=2776
0:720  0:000   - [07]: MCFG  Notebook len=60
0:720  0:000   - [08]: HPET  Notebook len=56
0:720  0:000   - [09]: SSDT  SataTabl len=664
0:720  0:000   - [10]: SSDT  SaSsdt  len=17729
0:720  0:000   - [11]: SSDT  SgPeg len=6586
0:720  0:000   - [12]: SSDT  CppcTabl len=915
0:720  0:000   - [13]: PCCT  PcctTabl len=110
0:720  0:000   - [14]: SSDT  Cpc_Tabl len=2756
0:720  0:000   - [15]: SSDT  OptTabl len=6647
0:720  0:000   - [16]: MSDM  Notebook len=85
0:720  0:000  Calibrated TSC Frequency = 2593990896 = 2593MHz
0:720  0:000  === [ GetUserSettings ] ===================================
0:720  0:000  USB FixOwnership: yes
0:720  0:000  Dropping 3 tables:
0:720  0:000   - [00]: Drop table  signature="DMAR" (52414D44)
0:720  0:000           - set table: 52414D44,                0 to drop: no
0:720  0:000   - [01]: Drop table  signature="SSDT" (54445353) table-id="CpuPm" (0000006D50757043)
0:720  0:000           - set table: 54445353,       6D50757043 to drop: yes
0:720  0:000   - [02]: Drop table  signature="SSDT" (54445353) table-id="Cpu0Ist" (0074734930757043)
0:720  0:000           - set table: 54445353,   74734930757043 to drop: yes
0:720  0:000   - final DSDT Fix mask=10400000
0:720  0:000  PatchesDSDT: 5 requested
0:721  0:000   - [00]: (Rename GFX0 to IGPU) lenToFind: 4, lenToReplace: 4, Target Bridge: <null string>
0:721  0:000   - [01]: (change EC0 to EC) lenToFind: 4, lenToReplace: 4, Target Bridge: <null string>
0:721  0:000   - [02]: (change EHC1 to EH01) lenToFind: 4, lenToReplace: 4, Target Bridge: <null string>
0:721  0:000   - [03]: (change EHC2 to EH02) lenToFind: 4, lenToReplace: 4, Target Bridge: <null string>
0:721  0:000   - [04]: (change SAT0 to SATA) lenToFind: 4, lenToReplace: 4, Target Bridge: <null string>
0:721  0:000  Using ProductName from config: MacBookPro11,2
0:721  0:000  Using latest BiosVersion from clover
0:721  0:000  BiosVersion: MBP112.88Z.F000.B00.1912181609
0:721  0:000  BiosReleaseDate: 12/18/2019
0:721  0:000  Using EfiVersion from clover: 158.0.0.0.0
0:721  0:000  Using FirmwareFeatures from config: 0xE80FE137
0:721  0:000  Using FirmwareFeaturesMask from config: 0xFF1FFF3F
0:721  0:000  Board-ID set from config as Mac-3CBD00234E554E41
0:721  0:000  BoardType: 0xA
0:721  0:000  ChassisType: 0xA
0:721  0:000  Converted CustomUUID DCAE823C-54E6-45C9-B911-5B634E09D095
0:723  0:002  === [ Found DSDT tables ] =================================
0:724  0:001  - DSDT.AML
1:322  0:598  === [ ScanVolumes ] =======================================
1:322  0:000  Found 13 volumes with blockIO
1:322  0:000  - [00]: Volume: PciRoot(0x0)\Pci(0x1F,0x2)\Sata(0x2,0xFFFF,0x0)
1:322  0:000  - [01]: Volume: PciRoot(0x0)\Pci(0x14,0x0)\USB(0x3,0x0)
1:324  0:001          Result of bootcode detection: bootable Linux (grub,linux)
1:324  0:000  - [02]: Volume: PciRoot(0x0)\Pci(0x14,0x0)\USB(0x3,0x0)\HD(1,GPT,B7F8D01F-C7C9-473F-8ECB-DA8AE395E30E,0x800,0x100000)
1:324  0:000          Result of bootcode detection: bootable unknown (legacy)
1:342  0:017  - [03]: Volume: PciRoot(0x0)\Pci(0x14,0x0)\USB(0x3,0x0)\HD(2,GPT,DCBF87AB-1007-47FF-8ADF-4C6D8D863B05,0x100800,0x1A65B800)
1:343  0:000  - [04]: Volume: PciRoot(0x0)\Pci(0x14,0x0)\USB(0x3,0x0)\HD(3,GPT,6BB040B2-F0E3-4ED7-937B-7A983013A910,0x1A75C000,0x17C8000)
1:344  0:000  - [05]: Volume: PciRoot(0x0)\Pci(0x1F,0x2)\Sata(0x4,0xFFFF,0x0)
1:344  0:000  - [06]: Volume: PciRoot(0x0)\Pci(0x1F,0x2)\Sata(0x4,0xFFFF,0x0)\HD(1,GPT,C4F6D548-71AD-4E5A-8512-6594CE8BB3FB,0x28,0x64000)
1:345  0:000          Result of bootcode detection: bootable unknown (legacy)
1:351  0:005          This is SelfVolume !!
1:351  0:000  - [07]: Volume: PciRoot(0x0)\Pci(0x1F,0x2)\Sata(0x4,0xFFFF,0x0)\HD(2,GPT,4683FA19-9E08-4DF4-B70E-9C8E16EB8AA1,0x64028,0x14EF87E0)
1:351  0:000          Result of bootcode detection: bootable unknown (legacy)
1:351  0:000  - [08]: Volume: PciRoot(0x0)\Pci(0x1F,0x2)\Sata(0x4,0xFFFF,0x0)\HD(2,GPT,4683FA19-9E08-4DF4-B70E-9C8E16EB8AA1,0x64028,0x14EF87E0)\VenMedia(BE74FCF7-0B7C-49F3-9147-01F4042E6842,E8D65DA8EF6C214A952398C7B058F484)
1:351  0:000          hiding this volume
1:351  0:000  - [09]: Volume: PciRoot(0x0)\Pci(0x1F,0x2)\Sata(0x4,0xFFFF,0x0)\HD(2,GPT,4683FA19-9E08-4DF4-B70E-9C8E16EB8AA1,0x64028,0x14EF87E0)\VenMedia(BE74FCF7-0B7C-49F3-9147-01F4042E6842,570C2376B95DD832B00CF5EAFAEC1748)
1:352  0:000  - [10]: Volume: PciRoot(0x0)\Pci(0x1F,0x2)\Sata(0x4,0xFFFF,0x0)\HD(2,GPT,4683FA19-9E08-4DF4-B70E-9C8E16EB8AA1,0x64028,0x14EF87E0)\VenMedia(BE74FCF7-0B7C-49F3-9147-01F4042E6842,B750F651592F484FA92A955D77EC0CC3)
1:352  0:000          hiding this volume
1:352  0:000  - [11]: Volume: PciRoot(0x0)\Pci(0x1F,0x2)\Sata(0x4,0xFFFF,0x0)\HD(2,GPT,4683FA19-9E08-4DF4-B70E-9C8E16EB8AA1,0x64028,0x14EF87E0)\VenMedia(BE74FCF7-0B7C-49F3-9147-01F4042E6842,AB3AC7FA85A16044838700A3B295BCC7)
1:352  0:000  - [12]: Volume: PciRoot(0x0)\Pci(0x1F,0x2)\Sata(0x4,0xFFFF,0x0)\HD(2,GPT,4683FA19-9E08-4DF4-B70E-9C8E16EB8AA1,0x64028,0x14EF87E0)\VenMedia(BE74FCF7-0B7C-49F3-9147-01F4042E6842,836CEE71E107864FABC7007C3C498358)
1:352  0:000  No AudioIoProtocols, status=Not Found
1:352  0:000  === [ InitTheme ] =========================================
1:352  0:000  use daylight theme
1:352  0:000   using embedded theme
1:352  0:000  got embedded sound
1:352  0:000    Channels: 2  Sample rate: 8000 Hz  Bits: 16
1:352  0:000  output to channel 0 with volume 70, len=25600
1:352  0:000   sound channels=2 bits=16 freq=8000
1:352  0:000  sound converted to 48kHz
1:352  0:000  not found AudioIo to play
1:352  0:000  sound play end with status=Not Found
1:353  0:001  Using embedded font: Success
1:354  0:000  theme inited
1:354  0:000  Chosen embedded theme
1:354  0:000  found boot-args in NVRAM:, size=1
1:354  0:000  after NVRAM boot-args=applbkl=0 keepsyms=1 abm_firstpolldelay=16000 -v
1:354  0:000  === [ Dump SMC keys from NVRAM ] ==========================
1:354  0:000  found AppleSMC protocol
1:364  0:009  Registered 17 SMC keys
1:365  0:001  === [ ScanLoader ] ========================================
1:365  0:000  - [02]: 'EFI'
1:371  0:005          AddLoaderEntry for Volume Name=EFI
1:371  0:000          AddLoaderEntry for Volume Name=EFI
1:371  0:000          skipped because entry is hidden
1:371  0:000  - [06]: 'EFI'
2:282  0:910          AddLoaderEntry for Volume Name=EFI
2:282  0:000          skipped because entry is hidden
2:282  0:000  - [08]: 'Preboot', hidden
2:282  0:000  - [09]: 'INTELSSD - Data'
2:286  0:003  - [10]: 'Recovery', hidden
2:286  0:000  - [11]: 'VM'
2:286  0:000  - [12]: 'INTELSSD'
2:310  0:024          AddLoaderEntry for Volume Name=INTELSSD
2:316  0:006      hibernated: set as never
2:317  0:000  Scanning legacy ...
2:317  0:000   hidden
2:317  0:000  === [ AddCustomTool ] =====================================
2:321  0:004  found tool \EFI\CLOVER\tools\Shell64U.efi
2:321  0:000  Checking EFI partition Volume 2 for Clover
2:323  0:001  Checking EFI partition Volume 6 for Clover
2:323  0:000   Found Clover
2:324  0:001  === [ GetEfiBootDeviceFromNvram ] =========================
2:324  0:000   - efi-boot-device-data: PciRoot(0x0)\Pci(0x14,0x0)\USB(0x3,0x0)\HD(1,GPT,B7F8D01F-C7C9-473F-8ECB-DA8AE395E30E,0x800,0x100000)\EFI\ubuntu\grubx64.efii
2:324  0:000    - Volume: 'PciRoot(0x0)\Pci(0x14,0x0)\USB(0x3,0x0)\HD(1,GPT,B7F8D01F-C7C9-473F-8ECB-DA8AE395E30E,0x800,0x100000)'
2:324  0:000    - LoaderPath: '\EFI\ubuntu\grubx64.efi'
2:324  0:000    - Guid = B7F8D01F-C7C9-473F-8ECB-DA8AE395E30E
2:324  0:000  === [ FindStartupDiskVolume ] =============================
2:324  0:000    - Volume: partition = PciRoot(0x0)\Pci(0x14,0x0)\USB(0x3,0x0)\HD(1,GPT,B7F8D01F-C7C9-473F-8ECB-DA8AE395E30E,0x800,0x100000)
2:324  0:000     - searching for that partition and loader '\EFI\ubuntu\grubx64.efi'
2:324  0:000      - found entry 0. 'Boot Ubuntu EFI boot menu from EFI', Volume 'EFI', '\EFI\ubuntu\grubx64.efi'
2:324  0:000  Boot redirected to Entry 0. 'Boot Ubuntu EFI boot menu from EFI'
2:324  0:000  DefaultIndex=0 and MainMenu.Entries.size()=8
2:477  0:152  GUI ready
4:909  2:432  exit from MainMenu 1
83:496  78:586  EDITED: 21
114:650  31:153  exit from MainMenu 1
114:650  0:000  Boot option Boot0000 not found
114:650  0:000  === [ StartLoader ] =======================================
114:650  0:000  Finally: ExternalClock=25MHz BusSpeed=99769kHz CPUFreq=2594MHz PIS: hw.busfrequency=100000000Hz
114:650  0:000  Loading boot.efi  status=Success
114:781  0:130  GetOSVersion: 10.15.3 (19D76)
114:781  0:000  CSR_CFG: CSR_ALLOW_UNTRUSTED_KEXTS | CSR_ALLOW_UNRESTRICTED_FS | CSR_ALLOW_TASK_FOR_PID | CSR_ALLOW_UNRESTRICTED_DTRACE | CSR_ALLOW_UNRESTRICTED_NVRAM
114:781  0:000  Filtering KextPatches:
114:781  0:000   - [00]: AppleAHCIPort (External Drives as Internal to fix Orange Icons) :: BinPatch :: [OS: 10.15.3 | MatchOS: All | MatchBuild: All] ==> allowed
114:781  0:000   - [01]: com.apple.driver.AppleIntelFramebufferAzul (Enable 9MB cursor bytes, 0x0a260006) :: BinPatch :: [OS: 10.15.3 | MatchOS: All | MatchBuild: All] ==> allowed
114:781  0:000   - [02]: com.apple.iokit.IOAHCIBlockStorage (Enable TRIM for SSD) :: BinPatch :: [OS: 10.15.3 | MatchOS: All | MatchBuild: All] ==> disabled by user
114:781  0:000  Will not patch boot.efi
114:781  0:000  === [ PatchSmbios ] =======================================
114:781  0:000  insert table 9 for dev 0:1
114:781  0:000  insert table 9 for dev 0:0
114:781  0:000  Table 11 present, but rewritten for us
114:781  0:000  Trusting SMBIOS...
114:781  0:000  Channels: 1
114:781  0:000  Interleave: 0 1 2 3 4 5 6 7 8 9 10 11 12 13 14 15 16 17 18 19 20 21 22 23
114:781  0:000   partNum=M471B5173EB0-YK0  
114:781  0:000  SMBIOS Type 17 Index = 0 => 0 0:
114:781  0:000  BANK 0 DIMM0 1600MHz 4096MB(Ext:0MB)
114:781  0:000  SMBIOS Type 17 Index = 1 => 1 1:
114:781  0:000  BANK 0 DIMM1 EMPTY
114:781  0:000   partNum=99U5428-018.A00LF 
114:781  0:000  SMBIOS Type 17 Index = 2 => 2 2:
114:781  0:000  BANK 0 DIMM2 1600MHz 8192MB(Ext:0MB)
114:781  0:000  mTotalSystemMemory = 12288
114:781  0:000  NumberOfMemoryDevices = 3
114:781  0:000  Type20[0]->End = 0x3FFFFF, Type17[0] = 0x1000
114:781  0:000  Type20[1]->End = 0xBFFFFF, Type17[2] = 0x4000
114:781  0:000  Table 131 is present, CPUType=31
114:781  0:000  Change to: 705
114:781  0:000  === [ PatchACPI ] =========================================
114:781  0:000  Xsdt reallocation done
114:781  0:000  old FADT length=10C
114:781  0:000   SignatureFixup: 0x5A -> 0x0
114:781  0:000  Found OperationRegion(GNVS, SystemMemory, CAAFCC18, ...)
114:781  0:000  Found OperationRegion(MCHT, SystemMemory, FED10000, ...)
114:781  0:000  Found OperationRegion(RCRB, SystemMemory, FED1C000, ...)
114:781  0:000  Found OperationRegion(MCA1, SystemMemory, F7FE0000, ...)
114:781  0:000  Found OperationRegion(MCA1, SystemMemory, F7FE0000, ...)
114:781  0:000  Found OperationRegion(DBGM, SystemMemory, D0000, ...)
114:782  0:000  Found OperationRegion(RCBA, SystemMemory, FED1C000, ...)
114:785  0:003  DSDT found in Clover volume OEM folder: EFI\CLOVER\ACPI\patched\DSDT.aml
114:787  0:002  Apply DsdtFixMask=0x10400000
114:787  0:000     drop _DSM mask=0xFFFF
114:787  0:000  === [ FixBiosDsdt ] =======================================
114:787  0:000  Patching DSDT:
114:787  0:000   - [Rename GFX0 to IGPU]: pattern 47465830, patched at: [ (11F) (12) (12) (12) (12) (12) (12) (12) (12) (12) (12) (12) (12) (12) (12) (12) (8BF7) (67) (1B) (13) (19) (52) (1B) (13) (19) (A6F) (30) (16B) (373) (CE3) (14) (FE0) (10) (35) (10) (34) (F) (39) (10) (5246) (151B) (9) (8) (919) (54) (9) (168D) (3C) ]
114:787  0:000   - [change EC0 to EC]: pattern 4543305F, patched at: [ (93EF) (91) (1863) (12DF) (56) (302) (15) (47) (15) (46) (26) (14) (21) (10) (1F) (10) (1A) (10) (14) (10) (32) (14) (15) (49) (14) (15) (49) (21) (10) (1F) (10) (1A) (10) (14) (10) (32) (21) (10) (1F) (10) (1A) (10) (14) (10) (F0) (1B) (2A) (24) (77) (2D) (27) (113) (15) (170) (29) (12) (1FF) (21) (7D) (52) (128) (18E) (1A) (2A2) (14) (12) (12) (12) (18) (16) (12) (12) (12) (13) (32F) (20) (4D) (309) (15) (1E) (22) (E) (E) (E) (E) (67) (38) (36) (C) (53) (56) (C) (9E) (1E) (2E) (E) (E) (E) (45) (15) (21B) (C) (2F) (10) (10) (2D) (1F) (3A) (4F) (2E8) (60) (10A) (4E) (17) (33) (19) (36) (177) (21) (11B) (181) (336) (D5) (377) (10) (10) (40) (10) (10) (3C) (10) (10) (13A) (3D) (45A) (141) (175) (940) (12CF) (14) (30) (14) (31) (14) (31) (14) (1E) (46) (14) (61) (1046) (43) (119D) (21) (1B) (114) (1B) (37) (130) (1C) (2B) (2A) (24) (31) (15) (23) (15) (28) ]
114:787  0:000   - [change EHC1 to EH01]: pattern 45484331, patched at: [ (4EB9) (57D1) (F) (10) (1BAF) (81D9) (2) (8) ]
114:787  0:000   - [change EHC2 to EH02]: pattern 45484332, patched at: [ (5766) (4F5F) (F) (10) ]
114:787  0:000   - [change SAT0 to SATA]: pattern 53415430, patched at: [ (7BD2) (23) (2E) (12) (1E0C) (35) (172) (1B) (21) (21) (21) (13D) (29) (2E) (2E) (2E) (E5) ]
114:787  0:000    0 replacements
114:788  0:000   deleting device CRT_
114:788  0:000   deleting device DVI_
114:788  0:000   deleting device SPKR
114:789  0:000   deleting device ECP_
114:789  0:000   deleting device LPT_
114:789  0:000   deleting device FDC0
114:789  0:000   deleting device ECP1
114:790  0:000   deleting device LPT1
114:790  0:000  OperationRegion (GNVS...) corrected from 0xCAB10C18 to addr=0xCAAFCC18
114:790  0:000    indirect name=SRCB
114:790  0:000    indirect name=SRMB
114:790  0:000    indirect name=SRMB
114:790  0:000  PreCleanup XSDT: count=17, length=172
114:790  0:000  PreCleanup XSDT, corrected XSDT: count=17, length=172
114:790  0:000  === [ ACPIDropTables ] ====================================
114:790  0:000  Drop tables from XSDT, SIGN=SSDT TableID=CpuPm Length=2776
114:790  0:000   Table[6]: SSDT  CpuPm  2776 dropped
114:790  0:000  Drop tables from XSDT, SIGN=SSDT TableID=Cpu0Ist Length=1337
114:790  0:000   Table[5]: SSDT  Cpu0Ist  1337 dropped
114:790  0:000  Patching SSDT zpodd Length=413
114:790  0:000  0. [Rename GFX0 to IGPU]: pattern 47465830, bin not found / already patched!
114:790  0:000  1. [change EC0 to EC]: pattern 4543305F, bin not found / already patched!
114:790  0:000  2. [change EHC1 to EH01]: pattern 45484331, bin not found / already patched!
114:790  0:000  3. [change EHC2 to EH02]: pattern 45484332, bin not found / already patched!
114:790  0:000  4. [change SAT0 to SATA]: pattern 53415430, patched at: [ (27) (156) ]
114:790  0:000    0 replacements
114:790  0:000  Patching SSDT SataTabl Length=664
114:790  0:000  0. [Rename GFX0 to IGPU]: pattern 47465830, bin not found / already patched!
114:790  0:000  1. [change EC0 to EC]: pattern 4543305F, bin not found / already patched!
114:790  0:000  2. [change EHC1 to EH01]: pattern 45484331, bin not found / already patched!
114:790  0:000  3. [change EHC2 to EH02]: pattern 45484332, bin not found / already patched!
114:790  0:000  4. [change SAT0 to SATA]: pattern 53415430, patched at: [ (B5) ]
114:790  0:000    0 replacements
114:790  0:000  Patching SSDT SaSsdt  Length=17729
114:790  0:000  0. [Rename GFX0 to IGPU]: pattern 47465830, patched at: [ (DD1) (2E) (17) (1A) (198C) (BAD) (1D) (293) (DFB) (12) (12) (57) (30) ]
114:790  0:000  1. [change EC0 to EC]: pattern 4543305F, patched at: [ (2684) (EB) (70) (54) (1716) (100) ]
114:790  0:000  2. [change EHC1 to EH01]: pattern 45484331, bin not found / already patched!
114:790  0:000  3. [change EHC2 to EH02]: pattern 45484332, bin not found / already patched!
114:790  0:000  4. [change SAT0 to SATA]: pattern 53415430, bin not found / already patched!
114:790  0:000    0 replacements
114:790  0:000  Found OperationRegion(SANV, SystemMemory, CAAE5E18, ...)
114:790  0:000  Found OperationRegion(CCDC, SystemMemory, 80000000, ...)
114:790  0:000  Patching SSDT SgPeg Length=6586
114:790  0:000  0. [Rename GFX0 to IGPU]: pattern 47465830, patched at: [ (11F3) (1F) (22) (2A) (22) (2A) (22) (2A) (22) (2A) (22) (2A) (22) (2A) (22) (2A) (22) (2A) (22) (2A) (22) (2A) (22) (2A) (22) (2A) (22) (2A) (22) (2A) (22) (2A) (1B) (1B) (22) (1B) (1B) ]
114:790  0:000  1. [change EC0 to EC]: pattern 4543305F, patched at: [ (F7A) (20) (1F) (21) (33) (1C) (17) (18) (17) (18) (17) ]
114:790  0:000  2. [change EHC1 to EH01]: pattern 45484331, bin not found / already patched!
114:790  0:000  3. [change EHC2 to EH02]: pattern 45484332, bin not found / already patched!
114:790  0:000  4. [change SAT0 to SATA]: pattern 53415430, bin not found / already patched!
114:790  0:000    0 replacements
114:790  0:000  Patching SSDT CppcTabl Length=915
114:790  0:000  0. [Rename GFX0 to IGPU]: pattern 47465830, bin not found / already patched!
114:790  0:000  1. [change EC0 to EC]: pattern 4543305F, bin not found / already patched!
114:790  0:000  2. [change EHC1 to EH01]: pattern 45484331, bin not found / already patched!
114:790  0:000  3. [change EHC2 to EH02]: pattern 45484332, bin not found / already patched!
114:790  0:000  4. [change SAT0 to SATA]: pattern 53415430, bin not found / already patched!
114:790  0:000    0 replacements
114:790  0:000  Patching SSDT Cpc_Tabl Length=2756
114:790  0:000  0. [Rename GFX0 to IGPU]: pattern 47465830, bin not found / already patched!
114:790  0:000  1. [change EC0 to EC]: pattern 4543305F, bin not found / already patched!
114:790  0:000  2. [change EHC1 to EH01]: pattern 45484331, bin not found / already patched!
114:790  0:000  3. [change EHC2 to EH02]: pattern 45484332, bin not found / already patched!
114:790  0:000  4. [change SAT0 to SATA]: pattern 53415430, bin not found / already patched!
114:790  0:000    0 replacements
114:790  0:000  Patching SSDT OptTabl Length=6647
114:790  0:000  0. [Rename GFX0 to IGPU]: pattern 47465830, patched at: [ (12E) (19) (164) (C0) (527) (110E) (11) ]
114:790  0:000  1. [change EC0 to EC]: pattern 4543305F, patched at: [ (2DC) (62) (FB4) (9C) (18) (17) (4B) (17) (10A) ]
114:790  0:000  2. [change EHC1 to EH01]: pattern 45484331, bin not found / already patched!
114:790  0:000  3. [change EHC2 to EH02]: pattern 45484332, bin not found / already patched!
114:790  0:000  4. [change SAT0 to SATA]: pattern 53415430, bin not found / already patched!
114:790  0:000    0 replacements
114:790  0:000  === [ ACPIPatchedAML ] ====================================
114:790  0:000  Unsorted
114:790  0:000  Disabled: SSDT-ALC668.aml, skip
114:790  0:000  Disabled: SSDT-EC.AML, skip
114:790  0:000  ApicCPUNum=8
114:790  0:000  Maximum control=0x1A
114:790  0:000  Turbo control=0x24
114:790  0:000  P-States: min 0x8, max 0x24
114:790  0:000  SSDT with CPU P-States and plugin-type generated successfully
114:790  0:000  SSDT with CPU C-States generated successfully
114:790  0:000  Cleanup XSDT: count=19, length=188
114:790  0:000  corrected XSDT count=17, length=172
114:790  0:000  === [ RestSetup macOS ] ===================================
114:790  0:000  EdidDiscovered size=128
114:790  0:000  --- Discovered EDID Table size:128
114:790  0:000  000  |  00  FF  FF  FF  FF  FF  FF  00  06  AF
114:790  0:000  010  |  ED  12  00  00  00  00  00  16  01  04
114:790  0:000  020  |  95  22  13  78  02  06  95  97  57  53
114:790  0:000  030  |  94  26  1C  50  54  00  00  00  01  01
114:790  0:000  040  |  01  01  01  01  01  01  01  01  01  01
114:790  0:000  050  |  01  01  01  01  3C  37  80  C0  70  38
114:790  0:000  060  |  20  40  30  64  8E  00  58  C1  10  00
114:790  0:000  070  |  00  18  00  00  00  0F  00  00  00  00
114:790  0:000  080  |  00  00  00  00  00  00  00  00  00  20
114:790  0:000  090  |  00  00  00  FE  00  41  55  4F  0A  20
114:790  0:000  100  |  20  20  20  20  20  20  20  20  00  00
114:790  0:000  110  |  00  FE  00  42  31  35  36  48  41  4E
114:790  0:000  120  |  30  31  2E  32  20  0A  00  95
114:790  0:000  Intel HD Graphics 4600 [8086:0416] :: PciRoot(0x0)\Pci(0x2,0x0)
114:790  0:000    IntelHDMI: used
114:790  0:000    FakeID Intel GFX = 0x04128086
114:790  0:000    ig-platform-id = 0x0A260006
114:790  0:000  Intel GFX revision  = 0x6
114:790  0:000   setting specified layout-id=21 (0x15)
114:791  0:000   setting specified layout-id=21 (0x15)
114:791  0:000  stringlength = 2200
114:791  0:000  CurrentMode: Width=1920 Height=1080
114:791  0:000  Beginning FSInjection
114:791  0:000  Blocking kext caches
FSInjectionInstall ...
- Our FSI_SIMPLE_FILE_SYSTEM_PROTOCOL installed on handle: BE37FF18
FSInjectionInstall ...
- Our FSI_SIMPLE_FILE_SYSTEM_PROTOCOL installed on handle: BE37FF18
114:795  0:004  Use origin smbios table type 1 guid.
114:800  0:005  Preparing kexts injection for arch=x86_64 from EFI\CLOVER\kexts\Other
114:800  0:000  ->Extra kext: EFI\CLOVER\kexts\Other\FakeSMC.kext (v.1800)
114:809  0:009  ->Extra kext: EFI\CLOVER\kexts\Other\VoodooPS2Controller.kext (v.1.9.2)
114:819  0:009      |-- PlugIn kext: EFI\CLOVER\kexts\Other\VoodooPS2Controller.kext\Contents\PlugIns\VoodooPS2Mouse.kext (v.1.9.2)
114:827  0:008      |-- PlugIn kext: EFI\CLOVER\kexts\Other\VoodooPS2Controller.kext\Contents\PlugIns\VoodooPS2Keyboard.kext (v.1.9.2)
114:838  0:011      |-- PlugIn kext: EFI\CLOVER\kexts\Other\VoodooPS2Controller.kext\Contents\PlugIns\VoodooPS2Trackpad.kext (v.1.9.2)
114:853  0:014  ->Extra kext: EFI\CLOVER\kexts\Other\FakeSMC_CPUSensors.kext (v.1800)
114:861  0:008  ->Extra kext: EFI\CLOVER\kexts\Other\FakePCIID.kext (v.1.3.15)
114:869  0:008  ->Extra kext: EFI\CLOVER\kexts\Other\AsusNBFnKeys.kext (v.2.6)
114:879  0:009  ->Extra kext: EFI\CLOVER\kexts\Other\FakeSMC_ACPISensors.kext (v.1800)
114:892  0:013  ->Extra kext: EFI\CLOVER\kexts\Other\USBInjectAll.kext (v.0.7.1)
115:209  0:316  ->Extra kext: EFI\CLOVER\kexts\Other\RealtekRTL8111.kext (v.2.2.2)
115:224  0:014  ->Extra kext: EFI\CLOVER\kexts\Other\WhateverGreen.kext (v.1.2.6)
115:268  0:044  ->Extra kext: EFI\CLOVER\kexts\Other\AppleALC.kext (v.1.3.5)
115:793  0:525  ->Extra kext: EFI\CLOVER\kexts\Other\Lilu.kext (v.1.3.3)
115:805  0:011  ->Extra kext: EFI\CLOVER\kexts\Other\ACPIBatteryManager.kext (v.1.90.1)
115:818  0:013  ->Extra kext: EFI\CLOVER\kexts\Other\FakePCIID_Intel_HD_Graphics.kext (v.1.2.4)
115:829  0:010  Preparing kexts injection for arch=x86_64 from EFI\CLOVER\kexts\10
115:829  0:000  Preparing kexts injection for arch=x86_64 from EFI\CLOVER\kexts\10_normal
115:829  0:000  Preparing kexts injection for arch=x86_64 from EFI\CLOVER\kexts\10.15
115:829  0:000  Preparing kexts injection for arch=x86_64 from EFI\CLOVER\kexts\10.15_normal
115:829  0:000  Preparing kexts injection for arch=x86_64 from EFI\CLOVER\kexts\10.15.3
115:829  0:000  Preparing kexts injection for arch=x86_64 from EFI\CLOVER\kexts\10.15.3_normal
115:830  0:001  SetStartupDiskVolume:
115:830  0:000    * Volume: 'INTELSSD'
115:830  0:000    * LoaderPath: '<null string>'
115:830  0:000    * DevPath: INTELSSD
115:830  0:000    * GUID = 4683FA19-9E08-4DF4-B70E-9C8E16EB8AA1
115:832  0:002    * efi-boot-device: <array><dict><key>IOMatch</key><dict><key>IOProviderClass</key><string>IOMedia</string><key>IOPropertyMatch</key><dict><key>UUID</key><string>4683FA19-9E08-4DF4-B70E-9C8E16EB8AA1</string></dict></dict></dict></array>
115:836  0:003  Custom boot screen not used because entry has unset use graphics
115:837  0:001  Closing log
